============================= test session starts ==============================
platform linux -- Python 3.9.9, pytest-7.0.0, pluggy-1.0.0
django: settings: config.settings (from ini)
rootdir: /opt/django/ap-nimbus-client/client, configfile: pytest.ini
plugins: cov-3.0.0, httpx-0.20.0, asyncio-0.18.2, anyio-3.5.0, django-4.5.2
asyncio: mode=strict
collected 120 items

accounts/tests/test_forms.py ...............                             [ 12%]
accounts/tests/test_login.py .                                           [ 13%]
accounts/tests/test_models.py .                                          [ 14%]
accounts/tests/test_views.py ..........                                  [ 22%]
core/tests/test_templatetags.py .                                        [ 23%]
files/tests/test_forms.py ........                                       [ 30%]
files/tests/test_models.py .....                                         [ 34%]
files/tests/test_signals.py .                                            [ 35%]
files/tests/test_views.py ............                                   [ 45%]
simulations/tests/test_forms.py ..........                               [ 53%]
simulations/tests/test_models.py ......                                  [ 58%]
simulations/tests/test_signals.py ...                                    [ 60%]
simulations/tests/test_templatetags.py ...F..                            [ 65%]
simulations/tests/test_views.py ........................................ [ 99%]
                                                                         [ 99%]
accounts/tests/test_views.py .                                           [100%]

=================================== FAILURES ===================================
___________________ test_print_compound_concentrations_range ___________________

simulation_range = <Simulation: my simulation1>
simulation_points = <Simulation: my simulation2>
simulation_pkdata = <Simulation: my simulation3>

    @pytest.mark.django_db
    def test_print_compound_concentrations_range(simulation_range, simulation_points, simulation_pkdata):
        assert print_compound_concentrations(simulation_range) == ('0 - 100 (µM)', '0 - 100 (µM)')
        assert print_compound_concentrations(simulation_points) == \
            ('[24.9197, 25.85, 27.73, 35.8, 41.032, 42.949, 56.2, 62.0, 67.31, 72.27] (µM)', '[24.9197 ... 72.27] (µM)')
>       assert print_compound_concentrations(simulation_pkdata) == ('Compound concentrations from TSV file: pk_data.tsv.',
                                                                    'pk_data.tsv')
E       AssertionError: assert ('Compound co...86-4fe8-a...') == ('Compound co...'pk_data.tsv')
E         At index 0 diff: 'Compound concentrations from TSV file: 1996fb7d-1486-4fe8-a95a-cc020295d3b3_pk_data.tsv.' != 'Compound concentrations from TSV file: pk_data.tsv.'
E         Use -v to get the full diff

simulations/tests/test_templatetags.py:44: AssertionError

----------- coverage: platform linux, python 3.9.9-final-0 -----------
Name                                      Stmts   Miss Branch BrPart  Cover   Missing
-------------------------------------------------------------------------------------
accounts/__init__.py                          0      0      0      0   100%
accounts/admin.py                             3      0      0      0   100%
accounts/apps.py                              3      0      2      0   100%
accounts/emails.py                           12      0      0      0   100%
accounts/forms.py                            24      0     10      0   100%
accounts/managers.py                         15      0      2      0   100%
accounts/models.py                           23      0      2      0   100%
accounts/urls.py                              5      0      0      0   100%
accounts/views.py                            32      0      8      0   100%
config/__init__.py                            0      0      0      0   100%
config/settings.py                           39      0      0      0   100%
config/urls.py                                4      0      0      0   100%
conftest.py                                  60      0      8      0   100%
core/__init__.py                              0      0      0      0   100%
core/context_processors.py                    3      0      0      0   100%
core/templatetags/__init__.py                 0      0      0      0   100%
core/templatetags/ap_nimubs.py                6      0      0      0   100%
files/__init__.py                             0      0      0      0   100%
files/admin.py                                4      0      0      0   100%
files/apps.py                                 3      0      2      0   100%
files/forms.py                               70      0     35      0   100%
files/models.py                              50      0     18      0   100%
files/urls.py                                 4      0      0      0   100%
files/views.py                               37      0     10      0   100%
simulations/__init__.py                       0      0      0      0   100%
simulations/admin.py                          5      0      0      0   100%
simulations/apps.py                           3      0      2      0   100%
simulations/forms.py                        127      0     62      0   100%
simulations/models.py                        94      0     40      0   100%
simulations/templatetags/__init__.py          0      0      0      0   100%
simulations/templatetags/simulations.py      31      0      6      0   100%
simulations/urls.py                           4      0      0      0   100%
simulations/views.py                        467    259    180      3    41%   167-168, 181-182, 198, 373, 376-378, 388, 391-470, 473-509, 512-522, 525-534, 539-560, 563-575, 594-596, 599-632, 635-652, 664, 667-766
-------------------------------------------------------------------------------------
TOTAL                                      1128    259    387      3    75%

=========================== short test summary info ============================
FAILED simulations/tests/test_templatetags.py::test_print_compound_concentrations_range
======================== 1 failed, 119 passed in 52.68s ========================
